{"C:\\Users\\carli\\OneDrive\\Desktop\\Programacion\\api-poke\\app.js": {"path":"C:\\Users\\carli\\OneDrive\\Desktop\\Programacion\\api-poke\\app.js","statementMap":{"0":{"start":{"line":1,"column":0},"end":{"line":1,"column":26}},"1":{"start":{"line":2,"column":16},"end":{"line":2,"column":34}},"2":{"start":{"line":3,"column":13},"end":{"line":3,"column":28}},"3":{"start":{"line":4,"column":19},"end":{"line":4,"column":41}},"4":{"start":{"line":5,"column":12},"end":{"line":5,"column":21}},"5":{"start":{"line":6,"column":18},"end":{"line":6,"column":43}},"6":{"start":{"line":7,"column":20},"end":{"line":7,"column":48}},"7":{"start":{"line":9,"column":0},"end":{"line":11,"column":3}},"8":{"start":{"line":12,"column":0},"end":{"line":16,"column":1}},"9":{"start":{"line":18,"column":0},"end":{"line":18,"column":15}},"10":{"start":{"line":20,"column":13},"end":{"line":20,"column":37}},"11":{"start":{"line":22,"column":0},"end":{"line":22,"column":20}},"12":{"start":{"line":25,"column":0},"end":{"line":30,"column":1}},"13":{"start":{"line":26,"column":4},"end":{"line":28,"column":6}},"14":{"start":{"line":27,"column":8},"end":{"line":27,"column":53}},"15":{"start":{"line":29,"column":4},"end":{"line":29,"column":15}},"16":{"start":{"line":32,"column":0},"end":{"line":32,"column":20}}},"fnMap":{"0":{"name":"(anonymous_0)","decl":{"start":{"line":26,"column":21},"end":{"line":26,"column":22}},"loc":{"start":{"line":26,"column":27},"end":{"line":28,"column":5}},"line":26}},"branchMap":{"0":{"loc":{"start":{"line":20,"column":13},"end":{"line":20,"column":37}},"type":"binary-expr","locations":[{"start":{"line":20,"column":13},"end":{"line":20,"column":29}},{"start":{"line":20,"column":33},"end":{"line":20,"column":37}}],"line":20},"1":{"loc":{"start":{"line":25,"column":0},"end":{"line":30,"column":1}},"type":"if","locations":[{"start":{"line":25,"column":0},"end":{"line":30,"column":1}},{"start":{},"end":{}}],"line":25}},"s":{"0":1,"1":1,"2":1,"3":1,"4":1,"5":1,"6":1,"7":1,"8":1,"9":1,"10":1,"11":1,"12":1,"13":0,"14":0,"15":0,"16":1},"f":{"0":0},"b":{"0":[1,0],"1":[0,1]},"_coverageSchema":"1a1c01bbd47fc00a2c39e90264f33305004495a9","hash":"1fe86874a1c0b6881ba03899cec85f6dadfa6805"}
,"C:\\Users\\carli\\OneDrive\\Desktop\\Programacion\\api-poke\\controllers\\pokemon.js": {"path":"C:\\Users\\carli\\OneDrive\\Desktop\\Programacion\\api-poke\\controllers\\pokemon.js","statementMap":{"0":{"start":{"line":2,"column":21},"end":{"line":2,"column":49}},"1":{"start":{"line":3,"column":17},"end":{"line":3,"column":36}},"2":{"start":{"line":5,"column":16},"end":{"line":7,"column":1}},"3":{"start":{"line":6,"column":4},"end":{"line":6,"column":59}},"4":{"start":{"line":10,"column":0},"end":{"line":18,"column":2}},"5":{"start":{"line":11,"column":4},"end":{"line":17,"column":5}},"6":{"start":{"line":12,"column":21},"end":{"line":12,"column":46}},"7":{"start":{"line":13,"column":8},"end":{"line":13,"column":39}},"8":{"start":{"line":15,"column":8},"end":{"line":15,"column":60}},"9":{"start":{"line":16,"column":8},"end":{"line":16,"column":70}},"10":{"start":{"line":20,"column":4},"end":{"line":35,"column":5}},"11":{"start":{"line":21,"column":4},"end":{"line":34,"column":5}},"12":{"start":{"line":22,"column":84},"end":{"line":22,"column":92}},"13":{"start":{"line":23,"column":8},"end":{"line":25,"column":9}},"14":{"start":{"line":23,"column":56},"end":{"line":23,"column":65}},"15":{"start":{"line":24,"column":12},"end":{"line":24,"column":87}},"16":{"start":{"line":26,"column":27},"end":{"line":26,"column":151}},"17":{"start":{"line":29,"column":21},"end":{"line":29,"column":58}},"18":{"start":{"line":31,"column":8},"end":{"line":31,"column":27}},"19":{"start":{"line":33,"column":8},"end":{"line":33,"column":53}},"20":{"start":{"line":37,"column":0},"end":{"line":54,"column":1}},"21":{"start":{"line":38,"column":4},"end":{"line":53,"column":5}},"22":{"start":{"line":39,"column":23},"end":{"line":39,"column":33}},"23":{"start":{"line":40,"column":21},"end":{"line":40,"column":29}},"24":{"start":{"line":41,"column":8},"end":{"line":41,"column":71}},"25":{"start":{"line":42,"column":8},"end":{"line":44,"column":9}},"26":{"start":{"line":43,"column":12},"end":{"line":43,"column":92}},"27":{"start":{"line":45,"column":8},"end":{"line":47,"column":9}},"28":{"start":{"line":46,"column":12},"end":{"line":46,"column":93}},"29":{"start":{"line":48,"column":8},"end":{"line":48,"column":62}},"30":{"start":{"line":51,"column":8},"end":{"line":51,"column":56}},"31":{"start":{"line":52,"column":8},"end":{"line":52,"column":66}},"32":{"start":{"line":56,"column":0},"end":{"line":68,"column":1}},"33":{"start":{"line":57,"column":4},"end":{"line":67,"column":5}},"34":{"start":{"line":58,"column":23},"end":{"line":58,"column":33}},"35":{"start":{"line":59,"column":23},"end":{"line":59,"column":71}},"36":{"start":{"line":60,"column":8},"end":{"line":62,"column":9}},"37":{"start":{"line":61,"column":12},"end":{"line":61,"column":92}},"38":{"start":{"line":63,"column":8},"end":{"line":63,"column":62}},"39":{"start":{"line":65,"column":8},"end":{"line":65,"column":56}},"40":{"start":{"line":66,"column":8},"end":{"line":66,"column":66}}},"fnMap":{"0":{"name":"(anonymous_0)","decl":{"start":{"line":5,"column":16},"end":{"line":5,"column":17}},"loc":{"start":{"line":5,"column":24},"end":{"line":7,"column":1}},"line":5},"1":{"name":"(anonymous_1)","decl":{"start":{"line":10,"column":18},"end":{"line":10,"column":19}},"loc":{"start":{"line":10,"column":38},"end":{"line":18,"column":1}},"line":10},"2":{"name":"(anonymous_2)","decl":{"start":{"line":20,"column":25},"end":{"line":20,"column":26}},"loc":{"start":{"line":20,"column":45},"end":{"line":35,"column":5}},"line":20},"3":{"name":"(anonymous_3)","decl":{"start":{"line":23,"column":48},"end":{"line":23,"column":49}},"loc":{"start":{"line":23,"column":56},"end":{"line":23,"column":65}},"line":23},"4":{"name":"(anonymous_4)","decl":{"start":{"line":37,"column":21},"end":{"line":37,"column":22}},"loc":{"start":{"line":37,"column":41},"end":{"line":54,"column":1}},"line":37},"5":{"name":"(anonymous_5)","decl":{"start":{"line":56,"column":21},"end":{"line":56,"column":22}},"loc":{"start":{"line":56,"column":41},"end":{"line":68,"column":1}},"line":56}},"branchMap":{"0":{"loc":{"start":{"line":23,"column":8},"end":{"line":25,"column":9}},"type":"if","locations":[{"start":{"line":23,"column":8},"end":{"line":25,"column":9}},{"start":{},"end":{}}],"line":23},"1":{"loc":{"start":{"line":23,"column":12},"end":{"line":23,"column":66}},"type":"binary-expr","locations":[{"start":{"line":23,"column":12},"end":{"line":23,"column":18}},{"start":{"line":23,"column":22},"end":{"line":23,"column":66}}],"line":23},"2":{"loc":{"start":{"line":42,"column":8},"end":{"line":44,"column":9}},"type":"if","locations":[{"start":{"line":42,"column":8},"end":{"line":44,"column":9}},{"start":{},"end":{}}],"line":42},"3":{"loc":{"start":{"line":45,"column":8},"end":{"line":47,"column":9}},"type":"if","locations":[{"start":{"line":45,"column":8},"end":{"line":47,"column":9}},{"start":{},"end":{}}],"line":45},"4":{"loc":{"start":{"line":60,"column":8},"end":{"line":62,"column":9}},"type":"if","locations":[{"start":{"line":60,"column":8},"end":{"line":62,"column":9}},{"start":{},"end":{}}],"line":60}},"s":{"0":1,"1":1,"2":1,"3":6,"4":1,"5":7,"6":7,"7":6,"8":1,"9":1,"10":1,"11":4,"12":4,"13":4,"14":13,"15":2,"16":2,"17":2,"18":2,"19":0,"20":1,"21":3,"22":3,"23":3,"24":3,"25":3,"26":1,"27":2,"28":0,"29":2,"30":0,"31":0,"32":1,"33":3,"34":3,"35":3,"36":2,"37":1,"38":1,"39":1,"40":1},"f":{"0":6,"1":7,"2":4,"3":13,"4":3,"5":3},"b":{"0":[2,2],"1":[4,3],"2":[1,2],"3":[0,2],"4":[1,1]},"_coverageSchema":"1a1c01bbd47fc00a2c39e90264f33305004495a9","hash":"97e18f3ddbb7faabdde0b7c7c423072eed872e8a"}
,"C:\\Users\\carli\\OneDrive\\Desktop\\Programacion\\api-poke\\models\\pokemon.js": {"path":"C:\\Users\\carli\\OneDrive\\Desktop\\Programacion\\api-poke\\models\\pokemon.js","statementMap":{"0":{"start":{"line":1,"column":17},"end":{"line":1,"column":36}},"1":{"start":{"line":3,"column":22},"end":{"line":22,"column":1}},"2":{"start":{"line":24,"column":0},"end":{"line":24,"column":58}}},"fnMap":{},"branchMap":{},"s":{"0":1,"1":1,"2":1},"f":{},"b":{},"_coverageSchema":"1a1c01bbd47fc00a2c39e90264f33305004495a9","hash":"4c8a64a21d49b8a4ff7f8b2da2f300cf343fc65b"}
,"C:\\Users\\carli\\OneDrive\\Desktop\\Programacion\\api-poke\\routes\\pokemons.js": {"path":"C:\\Users\\carli\\OneDrive\\Desktop\\Programacion\\api-poke\\routes\\pokemons.js","statementMap":{"0":{"start":{"line":1,"column":16},"end":{"line":1,"column":34}},"1":{"start":{"line":2,"column":15},"end":{"line":2,"column":31}},"2":{"start":{"line":3,"column":20},"end":{"line":3,"column":53}},"3":{"start":{"line":5,"column":13},"end":{"line":5,"column":22}},"4":{"start":{"line":7,"column":0},"end":{"line":7,"column":43}},"5":{"start":{"line":9,"column":0},"end":{"line":9,"column":47}},"6":{"start":{"line":11,"column":0},"end":{"line":11,"column":50}},"7":{"start":{"line":13,"column":0},"end":{"line":13,"column":53}},"8":{"start":{"line":15,"column":0},"end":{"line":15,"column":23}}},"fnMap":{},"branchMap":{},"s":{"0":1,"1":1,"2":1,"3":1,"4":1,"5":1,"6":1,"7":1,"8":1},"f":{},"b":{},"_coverageSchema":"1a1c01bbd47fc00a2c39e90264f33305004495a9","hash":"57dabedea3bd4bc6ea9bb031a07e00524ee93f78"}
}
