TN:
SF:app.js
FN:26,(anonymous_0)
FNF:1
FNH:0
FNDA:0,(anonymous_0)
DA:1,1
DA:2,1
DA:3,1
DA:4,1
DA:5,1
DA:6,1
DA:7,1
DA:9,1
DA:12,1
DA:18,1
DA:20,1
DA:22,1
DA:25,1
DA:26,0
DA:27,0
DA:29,0
DA:32,1
LF:17
LH:14
BRDA:20,0,0,1
BRDA:20,0,1,0
BRDA:25,1,0,0
BRDA:25,1,1,1
BRF:4
BRH:2
end_of_record
TN:
SF:controllers\pokemon.js
FN:5,(anonymous_0)
FN:10,(anonymous_1)
FN:20,(anonymous_2)
FN:23,(anonymous_3)
FN:37,(anonymous_4)
FN:56,(anonymous_5)
FNF:6
FNH:6
FNDA:6,(anonymous_0)
FNDA:7,(anonymous_1)
FNDA:4,(anonymous_2)
FNDA:13,(anonymous_3)
FNDA:3,(anonymous_4)
FNDA:3,(anonymous_5)
DA:2,1
DA:3,1
DA:5,1
DA:6,6
DA:10,1
DA:11,7
DA:12,7
DA:13,6
DA:15,1
DA:16,1
DA:20,1
DA:21,4
DA:22,4
DA:23,13
DA:24,2
DA:26,2
DA:29,2
DA:31,2
DA:33,0
DA:37,1
DA:38,3
DA:39,3
DA:40,3
DA:41,3
DA:42,3
DA:43,1
DA:45,2
DA:46,0
DA:48,2
DA:51,0
DA:52,0
DA:56,1
DA:57,3
DA:58,3
DA:59,3
DA:60,2
DA:61,1
DA:63,1
DA:65,1
DA:66,1
LF:40
LH:36
BRDA:23,0,0,2
BRDA:23,0,1,2
BRDA:23,1,0,4
BRDA:23,1,1,3
BRDA:42,2,0,1
BRDA:42,2,1,2
BRDA:45,3,0,0
BRDA:45,3,1,2
BRDA:60,4,0,1
BRDA:60,4,1,1
BRF:10
BRH:9
end_of_record
TN:
SF:models\pokemon.js
FNF:0
FNH:0
DA:1,1
DA:3,1
DA:24,1
LF:3
LH:3
BRF:0
BRH:0
end_of_record
TN:
SF:routes\pokemons.js
FNF:0
FNH:0
DA:1,1
DA:2,1
DA:3,1
DA:5,1
DA:7,1
DA:9,1
DA:11,1
DA:13,1
DA:15,1
LF:9
LH:9
BRF:0
BRH:0
end_of_record
